<?xml version="1.0" encoding="UTF-8"?>
<testsuite xmlns:xsi="http://www.w3.org/2001/XMLSchema-instance" xsi:noNamespaceSchemaLocation="https://maven.apache.org/surefire/maven-surefire-plugin/xsd/surefire-test-report-3.0.xsd" version="3.0" name="driverFactory.AppTest" time="37.174" tests="1" errors="0" skipped="0" failures="0">
  <properties>
    <property name="gopherProxySet" value="false"/>
    <property name="awt.toolkit" value="sun.lwawt.macosx.LWCToolkit"/>
    <property name="java.specification.version" value="11"/>
    <property name="sun.cpu.isalist" value=""/>
    <property name="sun.jnu.encoding" value="UTF-8"/>
    <property name="java.class.path" value="/Users/aysha/Desktop/Automation_Testing/ERP_Hybrid/target/test-classes:/Users/aysha/Desktop/Automation_Testing/ERP_Hybrid/target/classes:/Users/aysha/.m2/repository/org/seleniumhq/selenium/selenium-java/4.18.0/selenium-java-4.18.0.jar:/Users/aysha/.m2/repository/org/seleniumhq/selenium/selenium-api/4.18.0/selenium-api-4.18.0.jar:/Users/aysha/.m2/repository/org/seleniumhq/selenium/selenium-chrome-driver/4.18.0/selenium-chrome-driver-4.18.0.jar:/Users/aysha/.m2/repository/com/google/auto/service/auto-service-annotations/1.1.1/auto-service-annotations-1.1.1.jar:/Users/aysha/.m2/repository/org/seleniumhq/selenium/selenium-chromium-driver/4.18.0/selenium-chromium-driver-4.18.0.jar:/Users/aysha/.m2/repository/org/seleniumhq/selenium/selenium-json/4.18.0/selenium-json-4.18.0.jar:/Users/aysha/.m2/repository/org/seleniumhq/selenium/selenium-manager/4.18.0/selenium-manager-4.18.0.jar:/Users/aysha/.m2/repository/org/seleniumhq/selenium/selenium-devtools-v119/4.18.0/selenium-devtools-v119-4.18.0.jar:/Users/aysha/.m2/repository/org/seleniumhq/selenium/selenium-devtools-v120/4.18.0/selenium-devtools-v120-4.18.0.jar:/Users/aysha/.m2/repository/org/seleniumhq/selenium/selenium-devtools-v121/4.18.0/selenium-devtools-v121-4.18.0.jar:/Users/aysha/.m2/repository/org/seleniumhq/selenium/selenium-devtools-v85/4.18.0/selenium-devtools-v85-4.18.0.jar:/Users/aysha/.m2/repository/org/seleniumhq/selenium/selenium-edge-driver/4.18.0/selenium-edge-driver-4.18.0.jar:/Users/aysha/.m2/repository/org/seleniumhq/selenium/selenium-firefox-driver/4.18.0/selenium-firefox-driver-4.18.0.jar:/Users/aysha/.m2/repository/org/seleniumhq/selenium/selenium-http/4.18.0/selenium-http-4.18.0.jar:/Users/aysha/.m2/repository/dev/failsafe/failsafe/3.3.2/failsafe-3.3.2.jar:/Users/aysha/.m2/repository/org/seleniumhq/selenium/selenium-ie-driver/4.18.0/selenium-ie-driver-4.18.0.jar:/Users/aysha/.m2/repository/org/seleniumhq/selenium/selenium-remote-driver/4.18.0/selenium-remote-driver-4.18.0.jar:/Users/aysha/.m2/repository/com/google/guava/guava/33.0.0-jre/guava-33.0.0-jre.jar:/Users/aysha/.m2/repository/com/google/guava/failureaccess/1.0.2/failureaccess-1.0.2.jar:/Users/aysha/.m2/repository/com/google/guava/listenablefuture/9999.0-empty-to-avoid-conflict-with-guava/listenablefuture-9999.0-empty-to-avoid-conflict-with-guava.jar:/Users/aysha/.m2/repository/com/google/code/findbugs/jsr305/3.0.2/jsr305-3.0.2.jar:/Users/aysha/.m2/repository/org/checkerframework/checker-qual/3.41.0/checker-qual-3.41.0.jar:/Users/aysha/.m2/repository/com/google/errorprone/error_prone_annotations/2.23.0/error_prone_annotations-2.23.0.jar:/Users/aysha/.m2/repository/com/google/j2objc/j2objc-annotations/2.8/j2objc-annotations-2.8.jar:/Users/aysha/.m2/repository/io/opentelemetry/semconv/opentelemetry-semconv/1.23.1-alpha/opentelemetry-semconv-1.23.1-alpha.jar:/Users/aysha/.m2/repository/io/opentelemetry/opentelemetry-api/1.35.0/opentelemetry-api-1.35.0.jar:/Users/aysha/.m2/repository/io/opentelemetry/opentelemetry-context/1.35.0/opentelemetry-context-1.35.0.jar:/Users/aysha/.m2/repository/io/opentelemetry/opentelemetry-exporter-logging/1.35.0/opentelemetry-exporter-logging-1.35.0.jar:/Users/aysha/.m2/repository/io/opentelemetry/opentelemetry-sdk-common/1.35.0/opentelemetry-sdk-common-1.35.0.jar:/Users/aysha/.m2/repository/io/opentelemetry/opentelemetry-sdk-extension-autoconfigure-spi/1.35.0/opentelemetry-sdk-extension-autoconfigure-spi-1.35.0.jar:/Users/aysha/.m2/repository/io/opentelemetry/opentelemetry-sdk-extension-autoconfigure/1.35.0/opentelemetry-sdk-extension-autoconfigure-1.35.0.jar:/Users/aysha/.m2/repository/io/opentelemetry/opentelemetry-api-events/1.35.0-alpha/opentelemetry-api-events-1.35.0-alpha.jar:/Users/aysha/.m2/repository/io/opentelemetry/opentelemetry-sdk-trace/1.35.0/opentelemetry-sdk-trace-1.35.0.jar:/Users/aysha/.m2/repository/io/opentelemetry/opentelemetry-extension-incubator/1.35.0-alpha/opentelemetry-extension-incubator-1.35.0-alpha.jar:/Users/aysha/.m2/repository/io/opentelemetry/opentelemetry-sdk/1.35.0/opentelemetry-sdk-1.35.0.jar:/Users/aysha/.m2/repository/io/opentelemetry/opentelemetry-sdk-metrics/1.35.0/opentelemetry-sdk-metrics-1.35.0.jar:/Users/aysha/.m2/repository/io/opentelemetry/opentelemetry-sdk-logs/1.35.0/opentelemetry-sdk-logs-1.35.0.jar:/Users/aysha/.m2/repository/net/bytebuddy/byte-buddy/1.14.12/byte-buddy-1.14.12.jar:/Users/aysha/.m2/repository/org/seleniumhq/selenium/selenium-os/4.18.0/selenium-os-4.18.0.jar:/Users/aysha/.m2/repository/org/apache/commons/commons-exec/1.3/commons-exec-1.3.jar:/Users/aysha/.m2/repository/org/seleniumhq/selenium/selenium-safari-driver/4.18.0/selenium-safari-driver-4.18.0.jar:/Users/aysha/.m2/repository/org/seleniumhq/selenium/selenium-support/4.18.0/selenium-support-4.18.0.jar:/Users/aysha/.m2/repository/org/testng/testng/7.10.2/testng-7.10.2.jar:/Users/aysha/.m2/repository/org/slf4j/slf4j-api/1.7.36/slf4j-api-1.7.36.jar:/Users/aysha/.m2/repository/com/beust/jcommander/1.82/jcommander-1.82.jar:/Users/aysha/.m2/repository/org/webjars/jquery/3.7.1/jquery-3.7.1.jar:/Users/aysha/.m2/repository/org/apache/poi/poi/5.2.2/poi-5.2.2.jar:/Users/aysha/.m2/repository/commons-codec/commons-codec/1.15/commons-codec-1.15.jar:/Users/aysha/.m2/repository/org/apache/commons/commons-collections4/4.4/commons-collections4-4.4.jar:/Users/aysha/.m2/repository/org/apache/commons/commons-math3/3.6.1/commons-math3-3.6.1.jar:/Users/aysha/.m2/repository/commons-io/commons-io/2.11.0/commons-io-2.11.0.jar:/Users/aysha/.m2/repository/com/zaxxer/SparseBitSet/1.2/SparseBitSet-1.2.jar:/Users/aysha/.m2/repository/org/apache/logging/log4j/log4j-api/2.17.2/log4j-api-2.17.2.jar:/Users/aysha/.m2/repository/org/apache/poi/poi-ooxml/5.2.2/poi-ooxml-5.2.2.jar:/Users/aysha/.m2/repository/org/apache/poi/poi-ooxml-lite/5.2.2/poi-ooxml-lite-5.2.2.jar:/Users/aysha/.m2/repository/org/apache/xmlbeans/xmlbeans/5.0.3/xmlbeans-5.0.3.jar:/Users/aysha/.m2/repository/org/apache/commons/commons-compress/1.21/commons-compress-1.21.jar:/Users/aysha/.m2/repository/com/github/virtuald/curvesapi/1.07/curvesapi-1.07.jar:/Users/aysha/.m2/repository/com/relevantcodes/extentreports/2.41.2/extentreports-2.41.2.jar:/Users/aysha/.m2/repository/org/jsoup/jsoup/1.8.3/jsoup-1.8.3.jar:/Users/aysha/.m2/repository/org/xerial/sqlite-jdbc/3.8.11.1/sqlite-jdbc-3.8.11.1.jar:/Users/aysha/.m2/repository/org/freemarker/freemarker/2.3.23/freemarker-2.3.23.jar:/Users/aysha/.m2/repository/org/mongodb/mongodb-driver/3.0.4/mongodb-driver-3.0.4.jar:/Users/aysha/.m2/repository/org/mongodb/bson/3.0.4/bson-3.0.4.jar:/Users/aysha/.m2/repository/org/mongodb/mongodb-driver-core/3.0.4/mongodb-driver-core-3.0.4.jar:"/>
    <property name="java.vm.vendor" value="Oracle Corporation"/>
    <property name="sun.arch.data.model" value="64"/>
    <property name="java.vendor.url" value="https://openjdk.java.net/"/>
    <property name="user.timezone" value="Asia/Dubai"/>
    <property name="java.vm.specification.version" value="11"/>
    <property name="os.name" value="Mac OS X"/>
    <property name="sun.java.launcher" value="SUN_STANDARD"/>
    <property name="user.country" value="AE"/>
    <property name="sun.boot.library.path" value="/Library/Java/JavaVirtualMachines/jdk-11.jdk/Contents/Home/lib"/>
    <property name="sun.java.command" value="/Users/aysha/Desktop/Automation_Testing/ERP_Hybrid/target/surefire/surefirebooter-20240725113046219_3.jar /Users/aysha/Desktop/Automation_Testing/ERP_Hybrid/target/surefire 2024-07-25T11-30-46_145-jvmRun1 surefire-20240725113046219_1tmp surefire_0-20240725113046219_2tmp"/>
    <property name="http.nonProxyHosts" value="dns.google|*.dns.google|one.one.one.one|*.one.one.one.one"/>
    <property name="jdk.debug" value="release"/>
    <property name="surefire.test.class.path" value="/Users/aysha/Desktop/Automation_Testing/ERP_Hybrid/target/test-classes:/Users/aysha/Desktop/Automation_Testing/ERP_Hybrid/target/classes:/Users/aysha/.m2/repository/org/seleniumhq/selenium/selenium-java/4.18.0/selenium-java-4.18.0.jar:/Users/aysha/.m2/repository/org/seleniumhq/selenium/selenium-api/4.18.0/selenium-api-4.18.0.jar:/Users/aysha/.m2/repository/org/seleniumhq/selenium/selenium-chrome-driver/4.18.0/selenium-chrome-driver-4.18.0.jar:/Users/aysha/.m2/repository/com/google/auto/service/auto-service-annotations/1.1.1/auto-service-annotations-1.1.1.jar:/Users/aysha/.m2/repository/org/seleniumhq/selenium/selenium-chromium-driver/4.18.0/selenium-chromium-driver-4.18.0.jar:/Users/aysha/.m2/repository/org/seleniumhq/selenium/selenium-json/4.18.0/selenium-json-4.18.0.jar:/Users/aysha/.m2/repository/org/seleniumhq/selenium/selenium-manager/4.18.0/selenium-manager-4.18.0.jar:/Users/aysha/.m2/repository/org/seleniumhq/selenium/selenium-devtools-v119/4.18.0/selenium-devtools-v119-4.18.0.jar:/Users/aysha/.m2/repository/org/seleniumhq/selenium/selenium-devtools-v120/4.18.0/selenium-devtools-v120-4.18.0.jar:/Users/aysha/.m2/repository/org/seleniumhq/selenium/selenium-devtools-v121/4.18.0/selenium-devtools-v121-4.18.0.jar:/Users/aysha/.m2/repository/org/seleniumhq/selenium/selenium-devtools-v85/4.18.0/selenium-devtools-v85-4.18.0.jar:/Users/aysha/.m2/repository/org/seleniumhq/selenium/selenium-edge-driver/4.18.0/selenium-edge-driver-4.18.0.jar:/Users/aysha/.m2/repository/org/seleniumhq/selenium/selenium-firefox-driver/4.18.0/selenium-firefox-driver-4.18.0.jar:/Users/aysha/.m2/repository/org/seleniumhq/selenium/selenium-http/4.18.0/selenium-http-4.18.0.jar:/Users/aysha/.m2/repository/dev/failsafe/failsafe/3.3.2/failsafe-3.3.2.jar:/Users/aysha/.m2/repository/org/seleniumhq/selenium/selenium-ie-driver/4.18.0/selenium-ie-driver-4.18.0.jar:/Users/aysha/.m2/repository/org/seleniumhq/selenium/selenium-remote-driver/4.18.0/selenium-remote-driver-4.18.0.jar:/Users/aysha/.m2/repository/com/google/guava/guava/33.0.0-jre/guava-33.0.0-jre.jar:/Users/aysha/.m2/repository/com/google/guava/failureaccess/1.0.2/failureaccess-1.0.2.jar:/Users/aysha/.m2/repository/com/google/guava/listenablefuture/9999.0-empty-to-avoid-conflict-with-guava/listenablefuture-9999.0-empty-to-avoid-conflict-with-guava.jar:/Users/aysha/.m2/repository/com/google/code/findbugs/jsr305/3.0.2/jsr305-3.0.2.jar:/Users/aysha/.m2/repository/org/checkerframework/checker-qual/3.41.0/checker-qual-3.41.0.jar:/Users/aysha/.m2/repository/com/google/errorprone/error_prone_annotations/2.23.0/error_prone_annotations-2.23.0.jar:/Users/aysha/.m2/repository/com/google/j2objc/j2objc-annotations/2.8/j2objc-annotations-2.8.jar:/Users/aysha/.m2/repository/io/opentelemetry/semconv/opentelemetry-semconv/1.23.1-alpha/opentelemetry-semconv-1.23.1-alpha.jar:/Users/aysha/.m2/repository/io/opentelemetry/opentelemetry-api/1.35.0/opentelemetry-api-1.35.0.jar:/Users/aysha/.m2/repository/io/opentelemetry/opentelemetry-context/1.35.0/opentelemetry-context-1.35.0.jar:/Users/aysha/.m2/repository/io/opentelemetry/opentelemetry-exporter-logging/1.35.0/opentelemetry-exporter-logging-1.35.0.jar:/Users/aysha/.m2/repository/io/opentelemetry/opentelemetry-sdk-common/1.35.0/opentelemetry-sdk-common-1.35.0.jar:/Users/aysha/.m2/repository/io/opentelemetry/opentelemetry-sdk-extension-autoconfigure-spi/1.35.0/opentelemetry-sdk-extension-autoconfigure-spi-1.35.0.jar:/Users/aysha/.m2/repository/io/opentelemetry/opentelemetry-sdk-extension-autoconfigure/1.35.0/opentelemetry-sdk-extension-autoconfigure-1.35.0.jar:/Users/aysha/.m2/repository/io/opentelemetry/opentelemetry-api-events/1.35.0-alpha/opentelemetry-api-events-1.35.0-alpha.jar:/Users/aysha/.m2/repository/io/opentelemetry/opentelemetry-sdk-trace/1.35.0/opentelemetry-sdk-trace-1.35.0.jar:/Users/aysha/.m2/repository/io/opentelemetry/opentelemetry-extension-incubator/1.35.0-alpha/opentelemetry-extension-incubator-1.35.0-alpha.jar:/Users/aysha/.m2/repository/io/opentelemetry/opentelemetry-sdk/1.35.0/opentelemetry-sdk-1.35.0.jar:/Users/aysha/.m2/repository/io/opentelemetry/opentelemetry-sdk-metrics/1.35.0/opentelemetry-sdk-metrics-1.35.0.jar:/Users/aysha/.m2/repository/io/opentelemetry/opentelemetry-sdk-logs/1.35.0/opentelemetry-sdk-logs-1.35.0.jar:/Users/aysha/.m2/repository/net/bytebuddy/byte-buddy/1.14.12/byte-buddy-1.14.12.jar:/Users/aysha/.m2/repository/org/seleniumhq/selenium/selenium-os/4.18.0/selenium-os-4.18.0.jar:/Users/aysha/.m2/repository/org/apache/commons/commons-exec/1.3/commons-exec-1.3.jar:/Users/aysha/.m2/repository/org/seleniumhq/selenium/selenium-safari-driver/4.18.0/selenium-safari-driver-4.18.0.jar:/Users/aysha/.m2/repository/org/seleniumhq/selenium/selenium-support/4.18.0/selenium-support-4.18.0.jar:/Users/aysha/.m2/repository/org/testng/testng/7.10.2/testng-7.10.2.jar:/Users/aysha/.m2/repository/org/slf4j/slf4j-api/1.7.36/slf4j-api-1.7.36.jar:/Users/aysha/.m2/repository/com/beust/jcommander/1.82/jcommander-1.82.jar:/Users/aysha/.m2/repository/org/webjars/jquery/3.7.1/jquery-3.7.1.jar:/Users/aysha/.m2/repository/org/apache/poi/poi/5.2.2/poi-5.2.2.jar:/Users/aysha/.m2/repository/commons-codec/commons-codec/1.15/commons-codec-1.15.jar:/Users/aysha/.m2/repository/org/apache/commons/commons-collections4/4.4/commons-collections4-4.4.jar:/Users/aysha/.m2/repository/org/apache/commons/commons-math3/3.6.1/commons-math3-3.6.1.jar:/Users/aysha/.m2/repository/commons-io/commons-io/2.11.0/commons-io-2.11.0.jar:/Users/aysha/.m2/repository/com/zaxxer/SparseBitSet/1.2/SparseBitSet-1.2.jar:/Users/aysha/.m2/repository/org/apache/logging/log4j/log4j-api/2.17.2/log4j-api-2.17.2.jar:/Users/aysha/.m2/repository/org/apache/poi/poi-ooxml/5.2.2/poi-ooxml-5.2.2.jar:/Users/aysha/.m2/repository/org/apache/poi/poi-ooxml-lite/5.2.2/poi-ooxml-lite-5.2.2.jar:/Users/aysha/.m2/repository/org/apache/xmlbeans/xmlbeans/5.0.3/xmlbeans-5.0.3.jar:/Users/aysha/.m2/repository/org/apache/commons/commons-compress/1.21/commons-compress-1.21.jar:/Users/aysha/.m2/repository/com/github/virtuald/curvesapi/1.07/curvesapi-1.07.jar:/Users/aysha/.m2/repository/com/relevantcodes/extentreports/2.41.2/extentreports-2.41.2.jar:/Users/aysha/.m2/repository/org/jsoup/jsoup/1.8.3/jsoup-1.8.3.jar:/Users/aysha/.m2/repository/org/xerial/sqlite-jdbc/3.8.11.1/sqlite-jdbc-3.8.11.1.jar:/Users/aysha/.m2/repository/org/freemarker/freemarker/2.3.23/freemarker-2.3.23.jar:/Users/aysha/.m2/repository/org/mongodb/mongodb-driver/3.0.4/mongodb-driver-3.0.4.jar:/Users/aysha/.m2/repository/org/mongodb/bson/3.0.4/bson-3.0.4.jar:/Users/aysha/.m2/repository/org/mongodb/mongodb-driver-core/3.0.4/mongodb-driver-core-3.0.4.jar:"/>
    <property name="sun.cpu.endian" value="little"/>
    <property name="user.home" value="/Users/aysha"/>
    <property name="user.language" value="en"/>
    <property name="java.specification.vendor" value="Oracle Corporation"/>
    <property name="java.version.date" value="2024-01-16"/>
    <property name="java.home" value="/Library/Java/JavaVirtualMachines/jdk-11.jdk/Contents/Home"/>
    <property name="file.separator" value="/"/>
    <property name="basedir" value="/Users/aysha/Desktop/Automation_Testing/ERP_Hybrid"/>
    <property name="java.vm.compressedOopsMode" value="Zero based"/>
    <property name="line.separator" value="&#10;"/>
    <property name="java.specification.name" value="Java Platform API Specification"/>
    <property name="java.vm.specification.vendor" value="Oracle Corporation"/>
    <property name="java.awt.graphicsenv" value="sun.awt.CGraphicsEnvironment"/>
    <property name="surefire.real.class.path" value="/Users/aysha/Desktop/Automation_Testing/ERP_Hybrid/target/surefire/surefirebooter-20240725113046219_3.jar"/>
    <property name="sun.management.compiler" value="HotSpot 64-Bit Tiered Compilers"/>
    <property name="ftp.nonProxyHosts" value="dns.google|*.dns.google|one.one.one.one|*.one.one.one.one"/>
    <property name="java.runtime.version" value="11.0.22+9-LTS-219"/>
    <property name="user.name" value="aysha"/>
    <property name="path.separator" value=":"/>
    <property name="os.version" value="13.3.1"/>
    <property name="java.runtime.name" value="Java(TM) SE Runtime Environment"/>
    <property name="file.encoding" value="UTF-8"/>
    <property name="java.vm.name" value="Java HotSpot(TM) 64-Bit Server VM"/>
    <property name="java.vendor.version" value="18.9"/>
    <property name="localRepository" value="/Users/aysha/.m2/repository"/>
    <property name="java.vendor.url.bug" value="https://bugreport.java.com/bugreport/"/>
    <property name="java.io.tmpdir" value="/var/folders/qv/_pd41nf15gn7pbw5q5wf98pc0000gq/T/"/>
    <property name="java.version" value="11.0.22"/>
    <property name="user.dir" value="/Users/aysha/Desktop/Automation_Testing/ERP_Hybrid"/>
    <property name="os.arch" value="x86_64"/>
    <property name="java.vm.specification.name" value="Java Virtual Machine Specification"/>
    <property name="java.awt.printerjob" value="sun.lwawt.macosx.CPrinterJob"/>
    <property name="sun.os.patch.level" value="unknown"/>
    <property name="java.library.path" value="/Users/aysha/Library/Java/Extensions:/Library/Java/Extensions:/Network/Library/Java/Extensions:/System/Library/Java/Extensions:/usr/lib/java:."/>
    <property name="java.vendor" value="Oracle Corporation"/>
    <property name="java.vm.info" value="mixed mode"/>
    <property name="java.vm.version" value="11.0.22+9-LTS-219"/>
    <property name="java.specification.maintenance.version" value="2"/>
    <property name="sun.io.unicode.encoding" value="UnicodeBig"/>
    <property name="java.class.version" value="55.0"/>
    <property name="socksNonProxyHosts" value="dns.google|*.dns.google|one.one.one.one|*.one.one.one.one"/>
  </properties>
  <testcase name="kickStart" classname="driverFactory.AppTest" time="36.825">
    <system-out><![CDATA[./CaptureData/stocknumber.txt (No such file or directory)
Expected condition failed: waiting for visibility of element located by By.xpath: (//button[contains(text(),'OK')])[6] (tried for 10 second(s) with 500 milliseconds interval)
Build info: version: '4.18.0', revision: 'b6bf9de7cc*'
System info: os.name: 'Mac OS X', os.arch: 'x86_64', os.version: '13.3.1', java.version: '11.0.22'
Driver info: org.openqa.selenium.chrome.ChromeDriver
Capabilities {acceptInsecureCerts: false, browserName: chrome, browserVersion: 126.0.6478.183, chrome: {chromedriverVersion: 126.0.6478.182 (5b5d8292ddf..., userDataDir: /var/folders/qv/_pd41nf15gn...}, fedcm:accounts: true, goog:chromeOptions: {debuggerAddress: localhost:65528}, networkConnectionEnabled: false, pageLoadStrategy: normal, platformName: mac, proxy: Proxy(), se:cdp: ws://localhost:65528/devtoo..., se:cdpVersion: 126.0.6478.183, setWindowRect: true, strictFileInteractability: false, timeouts: {implicit: 0, pageLoad: 300000, script: 30000}, unhandledPromptBehavior: dismiss and notify, webauthn:extension:credBlob: true, webauthn:extension:largeBlob: true, webauthn:extension:minPinLength: true, webauthn:extension:prf: true, webauthn:virtualAuthenticators: true}
Session ID: b4c8e23a418548bc599f9bf03d39a3f2
element not interactable
  (Session info: chrome=126.0.6478.183)
Build info: version: '4.18.0', revision: 'b6bf9de7cc*'
System info: os.name: 'Mac OS X', os.arch: 'x86_64', os.version: '13.3.1', java.version: '11.0.22'
Driver info: org.openqa.selenium.chrome.ChromeDriver
Command: [b4c8e23a418548bc599f9bf03d39a3f2, clickElement {id=f.A8575B540B33CC2BEA7DFBFD0877D5F4.d.C1F0BA91C92843A774A520537DD2F02D.e.152}]
Capabilities {acceptInsecureCerts: false, browserName: chrome, browserVersion: 126.0.6478.183, chrome: {chromedriverVersion: 126.0.6478.182 (5b5d8292ddf..., userDataDir: /var/folders/qv/_pd41nf15gn...}, fedcm:accounts: true, goog:chromeOptions: {debuggerAddress: localhost:65528}, networkConnectionEnabled: false, pageLoadStrategy: normal, platformName: mac, proxy: Proxy(), se:cdp: ws://localhost:65528/devtoo..., se:cdpVersion: 126.0.6478.183, setWindowRect: true, strictFileInteractability: false, timeouts: {implicit: 0, pageLoad: 300000, script: 30000}, unhandledPromptBehavior: dismiss and notify, webauthn:extension:credBlob: true, webauthn:extension:largeBlob: true, webauthn:extension:minPinLength: true, webauthn:extension:prf: true, webauthn:virtualAuthenticators: true}
Element: [[ChromeDriver: chrome on mac (b4c8e23a418548bc599f9bf03d39a3f2)] -> xpath: (//button[contains(text(),'OK')])[6]]
Session ID: b4c8e23a418548bc599f9bf03d39a3f2
element not interactable
  (Session info: chrome=126.0.6478.183)
Build info: version: '4.18.0', revision: 'b6bf9de7cc*'
System info: os.name: 'Mac OS X', os.arch: 'x86_64', os.version: '13.3.1', java.version: '11.0.22'
Driver info: org.openqa.selenium.chrome.ChromeDriver
Command: [b4c8e23a418548bc599f9bf03d39a3f2, clearElement {id=f.A8575B540B33CC2BEA7DFBFD0877D5F4.d.C1F0BA91C92843A774A520537DD2F02D.e.123}]
Capabilities {acceptInsecureCerts: false, browserName: chrome, browserVersion: 126.0.6478.183, chrome: {chromedriverVersion: 126.0.6478.182 (5b5d8292ddf..., userDataDir: /var/folders/qv/_pd41nf15gn...}, fedcm:accounts: true, goog:chromeOptions: {debuggerAddress: localhost:65528}, networkConnectionEnabled: false, pageLoadStrategy: normal, platformName: mac, proxy: Proxy(), se:cdp: ws://localhost:65528/devtoo..., se:cdpVersion: 126.0.6478.183, setWindowRect: true, strictFileInteractability: false, timeouts: {implicit: 0, pageLoad: 300000, script: 30000}, unhandledPromptBehavior: dismiss and notify, webauthn:extension:credBlob: true, webauthn:extension:largeBlob: true, webauthn:extension:minPinLength: true, webauthn:extension:prf: true, webauthn:virtualAuthenticators: true}
Element: [[ChromeDriver: chrome on mac (b4c8e23a418548bc599f9bf03d39a3f2)] -> xpath: //input[@id='psearch']]
Session ID: b4c8e23a418548bc599f9bf03d39a3f2
]]></system-out>
    <system-err><![CDATA[SLF4J: Failed to load class "org.slf4j.impl.StaticLoggerBinder".
SLF4J: Defaulting to no-operation (NOP) logger implementation
SLF4J: See http://www.slf4j.org/codes.html#StaticLoggerBinder for further details.
ERROR StatusLogger Log4j2 could not find a logging implementation. Please add log4j-core to the classpath. Using SimpleLogger to log to the console...
Jul 25, 2024 11:30:49 AM org.openqa.selenium.devtools.CdpVersionFinder findNearestMatch
WARNING: Unable to find CDP implementation matching 126
Jul 25, 2024 11:30:49 AM org.openqa.selenium.chromium.ChromiumDriver lambda$new$5
WARNING: Unable to find version of CDP to use for 126.0.6478.183. You may need to include a dependency on a specific version of the CDP using something similar to `org.seleniumhq.selenium:selenium-devtools-v86:4.18.0` where the version ("v86") matches the version of the chromium-based browser you're using and the version number of the artifact is the same as Selenium's.
Jul 25, 2024 11:30:56 AM org.openqa.selenium.devtools.CdpVersionFinder findNearestMatch
WARNING: Unable to find CDP implementation matching 126
Jul 25, 2024 11:30:56 AM org.openqa.selenium.chromium.ChromiumDriver lambda$new$5
WARNING: Unable to find version of CDP to use for 126.0.6478.183. You may need to include a dependency on a specific version of the CDP using something similar to `org.seleniumhq.selenium:selenium-devtools-v86:4.18.0` where the version ("v86") matches the version of the chromium-based browser you're using and the version number of the artifact is the same as Selenium's.
Jul 25, 2024 11:31:05 AM org.openqa.selenium.devtools.CdpVersionFinder findNearestMatch
WARNING: Unable to find CDP implementation matching 126
Jul 25, 2024 11:31:05 AM org.openqa.selenium.chromium.ChromiumDriver lambda$new$5
WARNING: Unable to find version of CDP to use for 126.0.6478.183. You may need to include a dependency on a specific version of the CDP using something similar to `org.seleniumhq.selenium:selenium-devtools-v86:4.18.0` where the version ("v86") matches the version of the chromium-based browser you're using and the version number of the artifact is the same as Selenium's.
]]></system-err>
  </testcase>
</testsuite>