<?xml version="1.0" encoding="UTF-8"?>
<!-- Generated by org.testng.reporters.JUnitReportReporter -->
<testsuite hostname="Hadhi-Personal.local" failures="0" tests="1" name="driverFactory.AppTest" time="36.823" errors="0" timestamp="2024-07-25T11:31:23 GST" skipped="0">
  <testcase classname="driverFactory.AppTest" name="kickStart" time="36.823"/>
</testsuite> <!-- driverFactory.AppTest -->
